<?xml version="1.0" encoding="UTF-8"?>
<testsuite xmlns:xsi="http://www.w3.org/2001/XMLSchema-instance" xsi:noNamespaceSchemaLocation="https://maven.apache.org/surefire/maven-surefire-plugin/xsd/surefire-test-report.xsd" name="com.example.FelineTest" time="0.01" tests="20" errors="0" skipped="0" failures="0">
  <properties>
[...]
</properties>
  <testcase name="getKittensWithParamsShouldReturnSpecifiedCount[0]" classname="com.example.FelineTest" time="0.001"/>
  <testcase name="eatMeatShouldReturnPredatorFood[0]" classname="com.example.FelineTest" time="0"/>
  <testcase name="getFamilyShouldReturnCorrectFamily[0]" classname="com.example.FelineTest" time="0"/>
  <testcase name="getKittensWithoutParamsShouldReturnOne[0]" classname="com.example.FelineTest" time="0"/>
  <testcase name="getKittensWithParamsShouldReturnSpecifiedCount[1]" classname="com.example.FelineTest" time="0"/>
  <testcase name="eatMeatShouldReturnPredatorFood[1]" classname="com.example.FelineTest" time="0"/>
  <testcase name="getFamilyShouldReturnCorrectFamily[1]" classname="com.example.FelineTest" time="0"/>
  <testcase name="getKittensWithoutParamsShouldReturnOne[1]" classname="com.example.FelineTest" time="0"/>
  <testcase name="getKittensWithParamsShouldReturnSpecifiedCount[2]" classname="com.example.FelineTest" time="0.001"/>
  <testcase name="eatMeatShouldReturnPredatorFood[2]" classname="com.example.FelineTest" time="0"/>
  <testcase name="getFamilyShouldReturnCorrectFamily[2]" classname="com.example.FelineTest" time="0"/>
  <testcase name="getKittensWithoutParamsShouldReturnOne[2]" classname="com.example.FelineTest" time="0"/>
  <testcase name="getKittensWithParamsShouldReturnSpecifiedCount[3]" classname="com.example.FelineTest" time="0"/>
  <testcase name="eatMeatShouldReturnPredatorFood[3]" classname="com.example.FelineTest" time="0"/>
  <testcase name="getFamilyShouldReturnCorrectFamily[3]" classname="com.example.FelineTest" time="0"/>
  <testcase name="getKittensWithoutParamsShouldReturnOne[3]" classname="com.example.FelineTest" time="0.001"/>
  <testcase name="getKittensWithParamsShouldReturnSpecifiedCount[4]" classname="com.example.FelineTest" time="0"/>
  <testcase name="eatMeatShouldReturnPredatorFood[4]" classname="com.example.FelineTest" time="0"/>
  <testcase name="getFamilyShouldReturnCorrectFamily[4]" classname="com.example.FelineTest" time="0"/>
  <testcase name="getKittensWithoutParamsShouldReturnOne[4]" classname="com.example.FelineTest" time="0"/>
</testsuite>