<?xml version="1.0" encoding="UTF-8"?>
<testsuite xmlns:xsi="http://www.w3.org/2001/XMLSchema-instance" xsi:noNamespaceSchemaLocation="https://maven.apache.org/surefire/maven-surefire-plugin/xsd/surefire-test-report.xsd" name="com.example.FelineTest" time="0.012" tests="20" errors="0" skipped="0" failures="0">
  <properties>
[...]
</properties>
  <testcase name="getKittensWithParamsShouldReturnSpecifiedCount[kittensCount = 0]" classname="com.example.FelineTest" time="0.004"/>
  <testcase name="eatMeatShouldReturnPredatorFood[kittensCount = 0]" classname="com.example.FelineTest" time="0"/>
  <testcase name="getFamilyShouldReturnCorrectFamily[kittensCount = 0]" classname="com.example.FelineTest" time="0"/>
  <testcase name="getKittensWithoutParamsShouldReturnOne[kittensCount = 0]" classname="com.example.FelineTest" time="0"/>
  <testcase name="getKittensWithParamsShouldReturnSpecifiedCount[kittensCount = 1]" classname="com.example.FelineTest" time="0"/>
  <testcase name="eatMeatShouldReturnPredatorFood[kittensCount = 1]" classname="com.example.FelineTest" time="0"/>
  <testcase name="getFamilyShouldReturnCorrectFamily[kittensCount = 1]" classname="com.example.FelineTest" time="0"/>
  <testcase name="getKittensWithoutParamsShouldReturnOne[kittensCount = 1]" classname="com.example.FelineTest" time="0"/>
  <testcase name="getKittensWithParamsShouldReturnSpecifiedCount[kittensCount = 5]" classname="com.example.FelineTest" time="0"/>
  <testcase name="eatMeatShouldReturnPredatorFood[kittensCount = 5]" classname="com.example.FelineTest" time="0"/>
  <testcase name="getFamilyShouldReturnCorrectFamily[kittensCount = 5]" classname="com.example.FelineTest" time="0"/>
  <testcase name="getKittensWithoutParamsShouldReturnOne[kittensCount = 5]" classname="com.example.FelineTest" time="0"/>
  <testcase name="getKittensWithParamsShouldReturnSpecifiedCount[kittensCount = 10]" classname="com.example.FelineTest" time="0"/>
  <testcase name="eatMeatShouldReturnPredatorFood[kittensCount = 10]" classname="com.example.FelineTest" time="0"/>
  <testcase name="getFamilyShouldReturnCorrectFamily[kittensCount = 10]" classname="com.example.FelineTest" time="0"/>
  <testcase name="getKittensWithoutParamsShouldReturnOne[kittensCount = 10]" classname="com.example.FelineTest" time="0.001"/>
  <testcase name="getKittensWithParamsShouldReturnSpecifiedCount[kittensCount = 100]" classname="com.example.FelineTest" time="0"/>
  <testcase name="eatMeatShouldReturnPredatorFood[kittensCount = 100]" classname="com.example.FelineTest" time="0"/>
  <testcase name="getFamilyShouldReturnCorrectFamily[kittensCount = 100]" classname="com.example.FelineTest" time="0"/>
  <testcase name="getKittensWithoutParamsShouldReturnOne[kittensCount = 100]" classname="com.example.FelineTest" time="0"/>
</testsuite>